kangsan/Sms/app/build/intermediates/manifest_merge_blame_file/debug/manifest-merger-blame-debug-report.txt
1<?xml version="1.0" encoding="utf-8"?>
2<manifest xmlns:android="http://schemas.android.com/apk/res/android"
3    package="com.example.lightsensor_test"
4    android:versionCode="1"
5    android:versionName="1.0" >
6
7    <uses-sdk
8        android:minSdkVersion="21"
8-->src\main\AndroidManifest.xml
9        android:targetSdkVersion="31" />
9-->src\main\AndroidManifest.xml
10
11    <!-- 조도센서 없는건 못사용하게 구분함. -->
12    <uses-feature
12-->src\main\AndroidManifest.xml:6:5-90
13        android:name="android.hardware.sensor.light"
13-->src\main\AndroidManifest.xml:6:19-63
14        android:required="false" />
14-->src\main\AndroidManifest.xml:6:64-88
15
16    <!-- 플래시 켜기 위한 카메라 권한 추가 -->
17    <uses-permission android:name="android.permission.CAMERA" />
17-->src\main\AndroidManifest.xml:9:5-65
17-->src\main\AndroidManifest.xml:9:22-62
18
19    <uses-feature android:name="android.hardware.camera" />
19-->src\main\AndroidManifest.xml:10:5-60
19-->src\main\AndroidManifest.xml:10:19-57
20
21    <!-- 문자전송 권한 -->
22    <uses-permission android:name="android.permission.SEND_SMS" />
22-->src\main\AndroidManifest.xml:13:5-67
22-->src\main\AndroidManifest.xml:13:22-64
23
24    <!-- 위치 권한 -->
25    <uses-permission android:name="android.permission.ACCESS_FINE_LOCATION" />
25-->src\main\AndroidManifest.xml:16:5-79
25-->src\main\AndroidManifest.xml:16:22-76
26    <uses-permission android:name="android.permission.ACCESS_COARSE_LOCATION" />
26-->src\main\AndroidManifest.xml:17:5-80
26-->src\main\AndroidManifest.xml:17:22-78
27    <uses-permission android:name="android.permission.INTERNET" />
27-->src\main\AndroidManifest.xml:18:5-67
27-->src\main\AndroidManifest.xml:18:22-64
28
29    <application
29-->src\main\AndroidManifest.xml:20:5-37:19
30        android:allowBackup="true"
30-->src\main\AndroidManifest.xml:21:9-35
31        android:appComponentFactory="androidx.core.app.CoreComponentFactory"
31-->[androidx.core:core:1.5.0] AndroidManifest.xml:24:18-86
32        android:debuggable="true"
33        android:icon="@mipmap/ic_launcher"
33-->src\main\AndroidManifest.xml:22:9-43
34        android:label="@string/app_name"
34-->src\main\AndroidManifest.xml:23:9-41
35        android:roundIcon="@mipmap/ic_launcher_round"
35-->src\main\AndroidManifest.xml:24:9-54
36        android:supportsRtl="true"
36-->src\main\AndroidManifest.xml:25:9-35
37        android:testOnly="true"
38        android:theme="@style/Theme.LightSensor_test" >
38-->src\main\AndroidManifest.xml:26:9-54
39        <activity
39-->src\main\AndroidManifest.xml:27:9-36:20
40            android:name="com.example.sms.ViewController.MainActivity"
40-->src\main\AndroidManifest.xml:28:13-56
41            android:exported="true"
41-->src\main\AndroidManifest.xml:29:13-36
42            android:screenOrientation="portrait" > <!-- 참고한 곳이 여기에 오리엔테이션 추가했음.. -->
42-->src\main\AndroidManifest.xml:30:13-49
43            <intent-filter>
43-->src\main\AndroidManifest.xml:31:13-35:29
44                <action android:name="android.intent.action.MAIN" />
44-->src\main\AndroidManifest.xml:32:17-69
44-->src\main\AndroidManifest.xml:32:25-66
45
46                <category android:name="android.intent.category.LAUNCHER" />
46-->src\main\AndroidManifest.xml:34:17-77
46-->src\main\AndroidManifest.xml:34:27-74
47            </intent-filter>
48        </activity>
49    </application>
50
51</manifest>